mode: set
github.com/nais/grafana-otel-plugin/pkg/plugin/app.go:37.101,43.32 3 1
github.com/nais/grafana-otel-plugin/pkg/plugin/app.go:43.32,44.74 1 0
github.com/nais/grafana-otel-plugin/pkg/plugin/app.go:44.74,46.4 1 0
github.com/nais/grafana-otel-plugin/pkg/plugin/app.go:51.2,65.18 8 1
github.com/nais/grafana-otel-plugin/pkg/plugin/app.go:68.26,68.27 0 0
github.com/nais/grafana-otel-plugin/pkg/plugin/app.go:71.115,74.32 2 0
github.com/nais/grafana-otel-plugin/pkg/plugin/app.go:74.32,79.3 1 0
github.com/nais/grafana-otel-plugin/pkg/plugin/app.go:81.2,81.27 1 0
github.com/nais/grafana-otel-plugin/pkg/plugin/app.go:81.27,86.3 1 0
github.com/nais/grafana-otel-plugin/pkg/plugin/app.go:88.2,94.8 3 0
github.com/nais/grafana-otel-plugin/pkg/plugin/app.go:97.50,109.2 11 1
github.com/nais/grafana-otel-plugin/pkg/plugin/capabilities.go:55.76,56.34 1 1
github.com/nais/grafana-otel-plugin/pkg/plugin/capabilities.go:56.34,59.3 2 0
github.com/nais/grafana-otel-plugin/pkg/plugin/capabilities.go:64.2,68.19 4 1
github.com/nais/grafana-otel-plugin/pkg/plugin/capabilities.go:68.19,70.40 2 0
github.com/nais/grafana-otel-plugin/pkg/plugin/capabilities.go:70.40,73.4 1 0
github.com/nais/grafana-otel-plugin/pkg/plugin/capabilities.go:74.3,74.41 1 0
github.com/nais/grafana-otel-plugin/pkg/plugin/capabilities.go:74.41,77.4 2 0
github.com/nais/grafana-otel-plugin/pkg/plugin/capabilities.go:80.2,86.20 5 1
github.com/nais/grafana-otel-plugin/pkg/plugin/capabilities.go:89.76,93.25 3 1
github.com/nais/grafana-otel-plugin/pkg/plugin/capabilities.go:93.25,96.3 2 0
github.com/nais/grafana-otel-plugin/pkg/plugin/capabilities.go:99.2,99.42 1 1
github.com/nais/grafana-otel-plugin/pkg/plugin/capabilities.go:99.42,101.17 2 1
github.com/nais/grafana-otel-plugin/pkg/plugin/capabilities.go:101.17,103.12 2 1
github.com/nais/grafana-otel-plugin/pkg/plugin/capabilities.go:105.3,105.13 1 0
github.com/nais/grafana-otel-plugin/pkg/plugin/capabilities.go:105.13,112.16 5 0
github.com/nais/grafana-otel-plugin/pkg/plugin/capabilities.go:112.16,115.5 2 0
github.com/nais/grafana-otel-plugin/pkg/plugin/capabilities.go:115.10,117.18 2 0
github.com/nais/grafana-otel-plugin/pkg/plugin/capabilities.go:117.18,120.6 2 0
github.com/nais/grafana-otel-plugin/pkg/plugin/capabilities.go:122.4,123.9 2 0
github.com/nais/grafana-otel-plugin/pkg/plugin/capabilities.go:128.2,129.28 2 1
github.com/nais/grafana-otel-plugin/pkg/plugin/capabilities.go:129.28,131.3 1 0
github.com/nais/grafana-otel-plugin/pkg/plugin/capabilities.go:134.2,134.31 1 1
github.com/nais/grafana-otel-plugin/pkg/plugin/capabilities.go:134.31,136.3 1 0
github.com/nais/grafana-otel-plugin/pkg/plugin/capabilities.go:139.2,144.13 3 1
github.com/nais/grafana-otel-plugin/pkg/plugin/capabilities.go:147.80,150.16 3 0
github.com/nais/grafana-otel-plugin/pkg/plugin/capabilities.go:150.16,153.3 2 0
github.com/nais/grafana-otel-plugin/pkg/plugin/capabilities.go:155.2,156.28 2 0
github.com/nais/grafana-otel-plugin/pkg/plugin/capabilities.go:156.28,157.61 1 0
github.com/nais/grafana-otel-plugin/pkg/plugin/capabilities.go:157.61,159.4 1 0
github.com/nais/grafana-otel-plugin/pkg/plugin/capabilities.go:161.2,161.17 1 0
github.com/nais/grafana-otel-plugin/pkg/plugin/capabilities.go:164.99,165.19 1 1
github.com/nais/grafana-otel-plugin/pkg/plugin/capabilities.go:165.19,167.3 1 0
github.com/nais/grafana-otel-plugin/pkg/plugin/capabilities.go:169.2,173.16 4 1
github.com/nais/grafana-otel-plugin/pkg/plugin/capabilities.go:173.16,175.3 1 0
github.com/nais/grafana-otel-plugin/pkg/plugin/capabilities.go:177.2,178.16 2 1
github.com/nais/grafana-otel-plugin/pkg/plugin/capabilities.go:178.16,180.3 1 1
github.com/nais/grafana-otel-plugin/pkg/plugin/capabilities.go:181.2,183.53 2 0
github.com/nais/grafana-otel-plugin/pkg/plugin/capabilities.go:183.53,185.3 1 0
github.com/nais/grafana-otel-plugin/pkg/plugin/capabilities.go:186.2,186.99 1 0
github.com/nais/grafana-otel-plugin/pkg/plugin/capabilities.go:191.54,193.53 2 1
github.com/nais/grafana-otel-plugin/pkg/plugin/capabilities.go:193.53,195.3 1 0
github.com/nais/grafana-otel-plugin/pkg/plugin/dependencies.go:34.83,40.33 5 1
github.com/nais/grafana-otel-plugin/pkg/plugin/dependencies.go:40.33,43.3 2 1
github.com/nais/grafana-otel-plugin/pkg/plugin/dependencies.go:45.2,49.56 4 0
github.com/nais/grafana-otel-plugin/pkg/plugin/dependencies.go:54.82,58.33 3 1
github.com/nais/grafana-otel-plugin/pkg/plugin/dependencies.go:58.33,61.3 2 1
github.com/nais/grafana-otel-plugin/pkg/plugin/dependencies.go:63.2,67.56 4 0
github.com/nais/grafana-otel-plugin/pkg/plugin/dependencies.go:72.80,77.33 4 1
github.com/nais/grafana-otel-plugin/pkg/plugin/dependencies.go:77.33,84.3 2 1
github.com/nais/grafana-otel-plugin/pkg/plugin/dependencies.go:86.2,90.22 4 0
github.com/nais/grafana-otel-plugin/pkg/plugin/dependencies.go:109.23,115.24 4 0
github.com/nais/grafana-otel-plugin/pkg/plugin/dependencies.go:115.24,117.3 1 0
github.com/nais/grafana-otel-plugin/pkg/plugin/dependencies.go:118.2,118.24 1 0
github.com/nais/grafana-otel-plugin/pkg/plugin/dependencies.go:118.24,120.3 1 0
github.com/nais/grafana-otel-plugin/pkg/plugin/dependencies.go:125.2,125.24 1 0
github.com/nais/grafana-otel-plugin/pkg/plugin/dependencies.go:125.24,127.3 1 0
github.com/nais/grafana-otel-plugin/pkg/plugin/dependencies.go:129.2,130.28 2 0
github.com/nais/grafana-otel-plugin/pkg/plugin/dependencies.go:130.28,131.12 1 0
github.com/nais/grafana-otel-plugin/pkg/plugin/dependencies.go:131.12,133.4 1 0
github.com/nais/grafana-otel-plugin/pkg/plugin/dependencies.go:134.3,134.19 1 0
github.com/nais/grafana-otel-plugin/pkg/plugin/dependencies.go:137.2,166.4 7 0
github.com/nais/grafana-otel-plugin/pkg/plugin/dependencies.go:166.4,168.28 2 0
github.com/nais/grafana-otel-plugin/pkg/plugin/dependencies.go:168.28,172.4 3 0
github.com/nais/grafana-otel-plugin/pkg/plugin/dependencies.go:175.2,175.12 1 0
github.com/nais/grafana-otel-plugin/pkg/plugin/dependencies.go:175.12,178.3 2 0
github.com/nais/grafana-otel-plugin/pkg/plugin/dependencies.go:180.2,181.20 2 0
github.com/nais/grafana-otel-plugin/pkg/plugin/dependencies.go:181.20,182.19 1 0
github.com/nais/grafana-otel-plugin/pkg/plugin/dependencies.go:182.19,184.12 2 0
github.com/nais/grafana-otel-plugin/pkg/plugin/dependencies.go:186.3,186.32 1 0
github.com/nais/grafana-otel-plugin/pkg/plugin/dependencies.go:190.2,198.38 3 0
github.com/nais/grafana-otel-plugin/pkg/plugin/dependencies.go:198.38,200.19 2 0
github.com/nais/grafana-otel-plugin/pkg/plugin/dependencies.go:200.19,201.12 1 0
github.com/nais/grafana-otel-plugin/pkg/plugin/dependencies.go:203.3,204.10 2 0
github.com/nais/grafana-otel-plugin/pkg/plugin/dependencies.go:204.10,207.4 2 0
github.com/nais/grafana-otel-plugin/pkg/plugin/dependencies.go:208.3,209.43 2 0
github.com/nais/grafana-otel-plugin/pkg/plugin/dependencies.go:212.2,212.39 1 0
github.com/nais/grafana-otel-plugin/pkg/plugin/dependencies.go:212.39,214.19 2 0
github.com/nais/grafana-otel-plugin/pkg/plugin/dependencies.go:214.19,215.12 1 0
github.com/nais/grafana-otel-plugin/pkg/plugin/dependencies.go:217.3,217.32 1 0
github.com/nais/grafana-otel-plugin/pkg/plugin/dependencies.go:217.32,219.4 1 0
github.com/nais/grafana-otel-plugin/pkg/plugin/dependencies.go:222.2,222.37 1 0
github.com/nais/grafana-otel-plugin/pkg/plugin/dependencies.go:222.37,224.19 2 0
github.com/nais/grafana-otel-plugin/pkg/plugin/dependencies.go:224.19,225.12 1 0
github.com/nais/grafana-otel-plugin/pkg/plugin/dependencies.go:227.3,227.32 1 0
github.com/nais/grafana-otel-plugin/pkg/plugin/dependencies.go:227.32,229.43 2 0
github.com/nais/grafana-otel-plugin/pkg/plugin/dependencies.go:229.43,231.5 1 0
github.com/nais/grafana-otel-plugin/pkg/plugin/dependencies.go:236.2,237.25 2 0
github.com/nais/grafana-otel-plugin/pkg/plugin/dependencies.go:237.25,239.3 1 0
github.com/nais/grafana-otel-plugin/pkg/plugin/dependencies.go:242.2,243.28 2 0
github.com/nais/grafana-otel-plugin/pkg/plugin/dependencies.go:243.28,244.61 1 0
github.com/nais/grafana-otel-plugin/pkg/plugin/dependencies.go:244.61,245.12 1 0
github.com/nais/grafana-otel-plugin/pkg/plugin/dependencies.go:247.3,248.17 2 0
github.com/nais/grafana-otel-plugin/pkg/plugin/dependencies.go:248.17,250.4 1 0
github.com/nais/grafana-otel-plugin/pkg/plugin/dependencies.go:251.3,252.22 2 0
github.com/nais/grafana-otel-plugin/pkg/plugin/dependencies.go:252.22,254.4 1 0
github.com/nais/grafana-otel-plugin/pkg/plugin/dependencies.go:255.3,263.5 1 0
github.com/nais/grafana-otel-plugin/pkg/plugin/dependencies.go:267.2,267.41 1 0
github.com/nais/grafana-otel-plugin/pkg/plugin/dependencies.go:267.41,269.3 1 0
github.com/nais/grafana-otel-plugin/pkg/plugin/dependencies.go:271.2,271.19 1 0
github.com/nais/grafana-otel-plugin/pkg/plugin/dependencies.go:271.19,273.3 1 0
github.com/nais/grafana-otel-plugin/pkg/plugin/dependencies.go:274.2,274.15 1 0
github.com/nais/grafana-otel-plugin/pkg/plugin/dependencies.go:283.28,318.4 10 0
github.com/nais/grafana-otel-plugin/pkg/plugin/dependencies.go:318.4,320.28 2 0
github.com/nais/grafana-otel-plugin/pkg/plugin/dependencies.go:320.28,324.4 3 0
github.com/nais/grafana-otel-plugin/pkg/plugin/dependencies.go:327.2,327.12 1 0
github.com/nais/grafana-otel-plugin/pkg/plugin/dependencies.go:327.12,330.3 2 0
github.com/nais/grafana-otel-plugin/pkg/plugin/dependencies.go:332.2,333.20 2 0
github.com/nais/grafana-otel-plugin/pkg/plugin/dependencies.go:333.20,334.19 1 0
github.com/nais/grafana-otel-plugin/pkg/plugin/dependencies.go:334.19,336.12 2 0
github.com/nais/grafana-otel-plugin/pkg/plugin/dependencies.go:338.3,338.32 1 0
github.com/nais/grafana-otel-plugin/pkg/plugin/dependencies.go:342.2,352.38 6 0
github.com/nais/grafana-otel-plugin/pkg/plugin/dependencies.go:352.38,354.19 2 0
github.com/nais/grafana-otel-plugin/pkg/plugin/dependencies.go:354.19,355.12 1 0
github.com/nais/grafana-otel-plugin/pkg/plugin/dependencies.go:357.3,358.10 2 0
github.com/nais/grafana-otel-plugin/pkg/plugin/dependencies.go:358.10,361.4 2 0
github.com/nais/grafana-otel-plugin/pkg/plugin/dependencies.go:362.3,364.17 3 0
github.com/nais/grafana-otel-plugin/pkg/plugin/dependencies.go:367.2,367.39 1 0
github.com/nais/grafana-otel-plugin/pkg/plugin/dependencies.go:367.39,369.19 2 0
github.com/nais/grafana-otel-plugin/pkg/plugin/dependencies.go:369.19,370.12 1 0
github.com/nais/grafana-otel-plugin/pkg/plugin/dependencies.go:372.3,372.37 1 0
github.com/nais/grafana-otel-plugin/pkg/plugin/dependencies.go:372.37,376.4 3 0
github.com/nais/grafana-otel-plugin/pkg/plugin/dependencies.go:379.2,379.37 1 0
github.com/nais/grafana-otel-plugin/pkg/plugin/dependencies.go:379.37,381.19 2 0
github.com/nais/grafana-otel-plugin/pkg/plugin/dependencies.go:381.19,382.12 1 0
github.com/nais/grafana-otel-plugin/pkg/plugin/dependencies.go:384.3,384.37 1 0
github.com/nais/grafana-otel-plugin/pkg/plugin/dependencies.go:384.37,386.43 2 0
github.com/nais/grafana-otel-plugin/pkg/plugin/dependencies.go:386.43,388.21 2 0
github.com/nais/grafana-otel-plugin/pkg/plugin/dependencies.go:388.21,390.6 1 0
github.com/nais/grafana-otel-plugin/pkg/plugin/dependencies.go:396.2,397.30 2 0
github.com/nais/grafana-otel-plugin/pkg/plugin/dependencies.go:397.30,399.3 1 0
github.com/nais/grafana-otel-plugin/pkg/plugin/dependencies.go:401.2,402.33 2 0
github.com/nais/grafana-otel-plugin/pkg/plugin/dependencies.go:402.33,404.17 2 0
github.com/nais/grafana-otel-plugin/pkg/plugin/dependencies.go:404.17,406.4 1 0
github.com/nais/grafana-otel-plugin/pkg/plugin/dependencies.go:407.3,408.22 2 0
github.com/nais/grafana-otel-plugin/pkg/plugin/dependencies.go:408.22,410.4 1 0
github.com/nais/grafana-otel-plugin/pkg/plugin/dependencies.go:411.3,419.5 1 0
github.com/nais/grafana-otel-plugin/pkg/plugin/dependencies.go:422.2,422.47 1 0
github.com/nais/grafana-otel-plugin/pkg/plugin/dependencies.go:422.47,424.3 1 0
github.com/nais/grafana-otel-plugin/pkg/plugin/dependencies.go:427.2,428.19 2 0
github.com/nais/grafana-otel-plugin/pkg/plugin/dependencies.go:428.19,430.3 1 0
github.com/nais/grafana-otel-plugin/pkg/plugin/dependencies.go:433.2,446.3 2 0
github.com/nais/grafana-otel-plugin/pkg/plugin/dependencies.go:456.30,463.26 6 0
github.com/nais/grafana-otel-plugin/pkg/plugin/dependencies.go:463.26,465.3 1 0
github.com/nais/grafana-otel-plugin/pkg/plugin/dependencies.go:465.8,465.32 1 0
github.com/nais/grafana-otel-plugin/pkg/plugin/dependencies.go:465.32,467.3 1 0
github.com/nais/grafana-otel-plugin/pkg/plugin/dependencies.go:469.2,501.4 9 0
github.com/nais/grafana-otel-plugin/pkg/plugin/dependencies.go:501.4,503.28 2 0
github.com/nais/grafana-otel-plugin/pkg/plugin/dependencies.go:503.28,507.4 3 0
github.com/nais/grafana-otel-plugin/pkg/plugin/dependencies.go:510.2,510.12 1 0
github.com/nais/grafana-otel-plugin/pkg/plugin/dependencies.go:510.12,513.3 2 0
github.com/nais/grafana-otel-plugin/pkg/plugin/dependencies.go:515.2,516.20 2 0
github.com/nais/grafana-otel-plugin/pkg/plugin/dependencies.go:516.20,517.19 1 0
github.com/nais/grafana-otel-plugin/pkg/plugin/dependencies.go:517.19,519.12 2 0
github.com/nais/grafana-otel-plugin/pkg/plugin/dependencies.go:521.3,521.32 1 0
github.com/nais/grafana-otel-plugin/pkg/plugin/dependencies.go:524.2,529.70 3 0
github.com/nais/grafana-otel-plugin/pkg/plugin/dependencies.go:529.70,534.29 2 0
github.com/nais/grafana-otel-plugin/pkg/plugin/dependencies.go:534.29,536.4 1 0
github.com/nais/grafana-otel-plugin/pkg/plugin/dependencies.go:537.3,543.11 3 0
github.com/nais/grafana-otel-plugin/pkg/plugin/dependencies.go:546.2,546.38 1 0
github.com/nais/grafana-otel-plugin/pkg/plugin/dependencies.go:546.38,549.3 2 0
github.com/nais/grafana-otel-plugin/pkg/plugin/dependencies.go:550.2,550.39 1 0
github.com/nais/grafana-otel-plugin/pkg/plugin/dependencies.go:550.39,552.17 2 0
github.com/nais/grafana-otel-plugin/pkg/plugin/dependencies.go:552.17,554.4 1 0
github.com/nais/grafana-otel-plugin/pkg/plugin/dependencies.go:556.2,556.37 1 0
github.com/nais/grafana-otel-plugin/pkg/plugin/dependencies.go:556.37,559.42 3 0
github.com/nais/grafana-otel-plugin/pkg/plugin/dependencies.go:559.42,561.4 1 0
github.com/nais/grafana-otel-plugin/pkg/plugin/dependencies.go:564.2,565.27 2 0
github.com/nais/grafana-otel-plugin/pkg/plugin/dependencies.go:565.27,567.3 1 0
github.com/nais/grafana-otel-plugin/pkg/plugin/dependencies.go:568.2,568.12 1 0
github.com/nais/grafana-otel-plugin/pkg/plugin/dependencies.go:572.56,573.14 1 0
github.com/nais/grafana-otel-plugin/pkg/plugin/dependencies.go:574.25,575.17 1 0
github.com/nais/grafana-otel-plugin/pkg/plugin/dependencies.go:576.32,577.22 1 0
github.com/nais/grafana-otel-plugin/pkg/plugin/dependencies.go:578.26,579.17 1 0
github.com/nais/grafana-otel-plugin/pkg/plugin/dependencies.go:580.26,581.19 1 0
github.com/nais/grafana-otel-plugin/pkg/plugin/dependencies.go:582.37,583.25 1 0
github.com/nais/grafana-otel-plugin/pkg/plugin/dependencies.go:584.15,585.17 1 0
github.com/nais/grafana-otel-plugin/pkg/plugin/dependencies.go:586.26,587.20 1 0
github.com/nais/grafana-otel-plugin/pkg/plugin/dependencies.go:588.19,589.21 1 0
github.com/nais/grafana-otel-plugin/pkg/plugin/dependencies.go:592.2,592.32 1 0
github.com/nais/grafana-otel-plugin/pkg/plugin/dependencies.go:592.32,594.3 1 0
github.com/nais/grafana-otel-plugin/pkg/plugin/dependencies.go:595.2,595.18 1 0
github.com/nais/grafana-otel-plugin/pkg/plugin/dependencies.go:615.81,620.33 4 1
github.com/nais/grafana-otel-plugin/pkg/plugin/dependencies.go:620.33,626.3 2 1
github.com/nais/grafana-otel-plugin/pkg/plugin/dependencies.go:628.2,632.20 4 0
github.com/nais/grafana-otel-plugin/pkg/plugin/dependencies.go:635.115,682.4 12 0
github.com/nais/grafana-otel-plugin/pkg/plugin/dependencies.go:682.4,684.28 2 0
github.com/nais/grafana-otel-plugin/pkg/plugin/dependencies.go:684.28,688.4 3 0
github.com/nais/grafana-otel-plugin/pkg/plugin/dependencies.go:691.2,691.12 1 0
github.com/nais/grafana-otel-plugin/pkg/plugin/dependencies.go:691.12,694.3 2 0
github.com/nais/grafana-otel-plugin/pkg/plugin/dependencies.go:696.2,697.20 2 0
github.com/nais/grafana-otel-plugin/pkg/plugin/dependencies.go:697.20,698.19 1 0
github.com/nais/grafana-otel-plugin/pkg/plugin/dependencies.go:698.19,700.12 2 0
github.com/nais/grafana-otel-plugin/pkg/plugin/dependencies.go:702.3,702.32 1 0
github.com/nais/grafana-otel-plugin/pkg/plugin/dependencies.go:705.2,705.82 1 0
github.com/nais/grafana-otel-plugin/pkg/plugin/dependencies.go:705.82,712.40 3 0
github.com/nais/grafana-otel-plugin/pkg/plugin/dependencies.go:712.40,714.18 2 0
github.com/nais/grafana-otel-plugin/pkg/plugin/dependencies.go:714.18,715.13 1 0
github.com/nais/grafana-otel-plugin/pkg/plugin/dependencies.go:717.4,718.11 2 0
github.com/nais/grafana-otel-plugin/pkg/plugin/dependencies.go:718.11,721.5 2 0
github.com/nais/grafana-otel-plugin/pkg/plugin/dependencies.go:722.4,722.29 1 0
github.com/nais/grafana-otel-plugin/pkg/plugin/dependencies.go:724.3,724.39 1 0
github.com/nais/grafana-otel-plugin/pkg/plugin/dependencies.go:724.39,726.28 2 0
github.com/nais/grafana-otel-plugin/pkg/plugin/dependencies.go:726.28,728.5 1 0
github.com/nais/grafana-otel-plugin/pkg/plugin/dependencies.go:730.3,730.39 1 0
github.com/nais/grafana-otel-plugin/pkg/plugin/dependencies.go:730.39,732.28 2 0
github.com/nais/grafana-otel-plugin/pkg/plugin/dependencies.go:732.28,734.44 2 0
github.com/nais/grafana-otel-plugin/pkg/plugin/dependencies.go:734.44,736.6 1 0
github.com/nais/grafana-otel-plugin/pkg/plugin/dependencies.go:739.3,740.26 2 0
github.com/nais/grafana-otel-plugin/pkg/plugin/dependencies.go:740.26,742.18 2 0
github.com/nais/grafana-otel-plugin/pkg/plugin/dependencies.go:742.18,744.5 1 0
github.com/nais/grafana-otel-plugin/pkg/plugin/dependencies.go:745.4,751.6 1 0
github.com/nais/grafana-otel-plugin/pkg/plugin/dependencies.go:753.3,753.42 1 0
github.com/nais/grafana-otel-plugin/pkg/plugin/dependencies.go:753.42,755.4 1 0
github.com/nais/grafana-otel-plugin/pkg/plugin/dependencies.go:756.3,756.16 1 0
github.com/nais/grafana-otel-plugin/pkg/plugin/dependencies.go:759.2,762.21 3 0
github.com/nais/grafana-otel-plugin/pkg/plugin/dependencies.go:762.21,764.3 1 0
github.com/nais/grafana-otel-plugin/pkg/plugin/dependencies.go:765.2,765.20 1 0
github.com/nais/grafana-otel-plugin/pkg/plugin/dependencies.go:765.20,767.3 1 0
github.com/nais/grafana-otel-plugin/pkg/plugin/dependencies.go:769.2,769.72 1 0
github.com/nais/grafana-otel-plugin/pkg/plugin/endpoints.go:15.73,20.19 4 0
github.com/nais/grafana-otel-plugin/pkg/plugin/endpoints.go:20.19,23.3 2 0
github.com/nais/grafana-otel-plugin/pkg/plugin/endpoints.go:25.2,26.32 2 0
github.com/nais/grafana-otel-plugin/pkg/plugin/endpoints.go:26.32,29.3 2 0
github.com/nais/grafana-otel-plugin/pkg/plugin/endpoints.go:31.2,36.22 5 0
github.com/nais/grafana-otel-plugin/pkg/plugin/endpoints.go:44.26,51.26 6 0
github.com/nais/grafana-otel-plugin/pkg/plugin/endpoints.go:51.26,53.3 1 0
github.com/nais/grafana-otel-plugin/pkg/plugin/endpoints.go:53.8,53.32 1 0
github.com/nais/grafana-otel-plugin/pkg/plugin/endpoints.go:53.32,55.3 1 0
github.com/nais/grafana-otel-plugin/pkg/plugin/endpoints.go:57.2,60.21 3 0
github.com/nais/grafana-otel-plugin/pkg/plugin/endpoints.go:60.21,62.3 1 0
github.com/nais/grafana-otel-plugin/pkg/plugin/endpoints.go:65.2,77.67 2 0
github.com/nais/grafana-otel-plugin/pkg/plugin/endpoints.go:77.67,83.5 1 0
github.com/nais/grafana-otel-plugin/pkg/plugin/endpoints.go:89.67,95.5 1 0
github.com/nais/grafana-otel-plugin/pkg/plugin/endpoints.go:101.67,106.5 1 0
github.com/nais/grafana-otel-plugin/pkg/plugin/endpoints.go:112.67,116.5 1 0
github.com/nais/grafana-otel-plugin/pkg/plugin/endpoints.go:120.2,136.33 5 0
github.com/nais/grafana-otel-plugin/pkg/plugin/endpoints.go:136.33,138.31 2 0
github.com/nais/grafana-otel-plugin/pkg/plugin/endpoints.go:138.31,143.4 3 0
github.com/nais/grafana-otel-plugin/pkg/plugin/endpoints.go:146.2,146.12 1 0
github.com/nais/grafana-otel-plugin/pkg/plugin/endpoints.go:146.12,149.3 2 0
github.com/nais/grafana-otel-plugin/pkg/plugin/endpoints.go:151.2,151.20 1 0
github.com/nais/grafana-otel-plugin/pkg/plugin/endpoints.go:151.20,152.17 1 0
github.com/nais/grafana-otel-plugin/pkg/plugin/endpoints.go:153.15,154.29 1 0
github.com/nais/grafana-otel-plugin/pkg/plugin/endpoints.go:155.15,156.29 1 0
github.com/nais/grafana-otel-plugin/pkg/plugin/endpoints.go:157.19,158.33 1 0
github.com/nais/grafana-otel-plugin/pkg/plugin/endpoints.go:159.19,160.33 1 0
github.com/nais/grafana-otel-plugin/pkg/plugin/endpoints.go:164.2,164.15 1 0
github.com/nais/grafana-otel-plugin/pkg/plugin/endpoints.go:174.29,199.4 9 0
github.com/nais/grafana-otel-plugin/pkg/plugin/endpoints.go:199.4,201.28 2 0
github.com/nais/grafana-otel-plugin/pkg/plugin/endpoints.go:201.28,205.4 3 0
github.com/nais/grafana-otel-plugin/pkg/plugin/endpoints.go:208.2,208.12 1 0
github.com/nais/grafana-otel-plugin/pkg/plugin/endpoints.go:208.12,211.3 2 0
github.com/nais/grafana-otel-plugin/pkg/plugin/endpoints.go:213.2,214.21 2 0
github.com/nais/grafana-otel-plugin/pkg/plugin/endpoints.go:214.21,215.19 1 0
github.com/nais/grafana-otel-plugin/pkg/plugin/endpoints.go:215.19,217.12 2 0
github.com/nais/grafana-otel-plugin/pkg/plugin/endpoints.go:219.3,219.32 1 0
github.com/nais/grafana-otel-plugin/pkg/plugin/endpoints.go:223.2,224.69 2 0
github.com/nais/grafana-otel-plugin/pkg/plugin/endpoints.go:224.69,227.32 3 0
github.com/nais/grafana-otel-plugin/pkg/plugin/endpoints.go:227.32,229.4 1 0
github.com/nais/grafana-otel-plugin/pkg/plugin/endpoints.go:230.3,232.15 3 0
github.com/nais/grafana-otel-plugin/pkg/plugin/endpoints.go:235.2,235.38 1 0
github.com/nais/grafana-otel-plugin/pkg/plugin/endpoints.go:235.38,238.3 2 0
github.com/nais/grafana-otel-plugin/pkg/plugin/endpoints.go:239.2,239.39 1 0
github.com/nais/grafana-otel-plugin/pkg/plugin/endpoints.go:239.39,241.18 2 0
github.com/nais/grafana-otel-plugin/pkg/plugin/endpoints.go:241.18,243.4 1 0
github.com/nais/grafana-otel-plugin/pkg/plugin/endpoints.go:245.2,245.37 1 0
github.com/nais/grafana-otel-plugin/pkg/plugin/endpoints.go:245.37,248.42 3 0
github.com/nais/grafana-otel-plugin/pkg/plugin/endpoints.go:248.42,250.4 1 0
github.com/nais/grafana-otel-plugin/pkg/plugin/endpoints.go:252.2,252.37 1 0
github.com/nais/grafana-otel-plugin/pkg/plugin/endpoints.go:252.37,255.42 3 0
github.com/nais/grafana-otel-plugin/pkg/plugin/endpoints.go:255.42,257.4 1 0
github.com/nais/grafana-otel-plugin/pkg/plugin/endpoints.go:259.2,259.37 1 0
github.com/nais/grafana-otel-plugin/pkg/plugin/endpoints.go:259.37,262.42 3 0
github.com/nais/grafana-otel-plugin/pkg/plugin/endpoints.go:262.42,264.4 1 0
github.com/nais/grafana-otel-plugin/pkg/plugin/endpoints.go:267.2,268.28 2 0
github.com/nais/grafana-otel-plugin/pkg/plugin/endpoints.go:268.28,270.3 1 0
github.com/nais/grafana-otel-plugin/pkg/plugin/endpoints.go:271.2,271.12 1 0
github.com/nais/grafana-otel-plugin/pkg/plugin/frontend.go:13.79,18.19 4 0
github.com/nais/grafana-otel-plugin/pkg/plugin/frontend.go:18.19,21.3 2 0
github.com/nais/grafana-otel-plugin/pkg/plugin/frontend.go:23.2,25.22 3 0
github.com/nais/grafana-otel-plugin/pkg/plugin/frontend.go:34.122,35.25 1 0
github.com/nais/grafana-otel-plugin/pkg/plugin/frontend.go:35.25,37.3 1 0
github.com/nais/grafana-otel-plugin/pkg/plugin/frontend.go:39.2,40.21 2 0
github.com/nais/grafana-otel-plugin/pkg/plugin/frontend.go:40.21,42.3 1 0
github.com/nais/grafana-otel-plugin/pkg/plugin/frontend.go:45.2,47.70 3 0
github.com/nais/grafana-otel-plugin/pkg/plugin/frontend.go:47.70,49.3 1 0
github.com/nais/grafana-otel-plugin/pkg/plugin/frontend.go:51.2,65.40 3 0
github.com/nais/grafana-otel-plugin/pkg/plugin/frontend.go:65.40,68.31 3 0
github.com/nais/grafana-otel-plugin/pkg/plugin/frontend.go:68.31,70.4 1 0
github.com/nais/grafana-otel-plugin/pkg/plugin/frontend.go:74.2,76.30 3 0
github.com/nais/grafana-otel-plugin/pkg/plugin/frontend.go:76.30,78.3 1 0
github.com/nais/grafana-otel-plugin/pkg/plugin/frontend.go:80.2,80.13 1 0
github.com/nais/grafana-otel-plugin/pkg/plugin/operations.go:15.74,20.19 4 1
github.com/nais/grafana-otel-plugin/pkg/plugin/operations.go:20.19,23.3 2 0
github.com/nais/grafana-otel-plugin/pkg/plugin/operations.go:25.2,26.32 2 1
github.com/nais/grafana-otel-plugin/pkg/plugin/operations.go:26.32,30.3 3 1
github.com/nais/grafana-otel-plugin/pkg/plugin/operations.go:32.2,36.26 5 0
github.com/nais/grafana-otel-plugin/pkg/plugin/operations.go:44.30,51.26 6 0
github.com/nais/grafana-otel-plugin/pkg/plugin/operations.go:51.26,53.3 1 0
github.com/nais/grafana-otel-plugin/pkg/plugin/operations.go:53.8,53.32 1 0
github.com/nais/grafana-otel-plugin/pkg/plugin/operations.go:53.32,55.3 1 0
github.com/nais/grafana-otel-plugin/pkg/plugin/operations.go:57.2,61.21 3 0
github.com/nais/grafana-otel-plugin/pkg/plugin/operations.go:61.21,63.3 1 0
github.com/nais/grafana-otel-plugin/pkg/plugin/operations.go:65.2,104.4 9 0
github.com/nais/grafana-otel-plugin/pkg/plugin/operations.go:104.4,106.28 2 0
github.com/nais/grafana-otel-plugin/pkg/plugin/operations.go:106.28,110.4 3 0
github.com/nais/grafana-otel-plugin/pkg/plugin/operations.go:113.2,113.12 1 0
github.com/nais/grafana-otel-plugin/pkg/plugin/operations.go:113.12,116.3 2 0
github.com/nais/grafana-otel-plugin/pkg/plugin/operations.go:118.2,119.20 2 0
github.com/nais/grafana-otel-plugin/pkg/plugin/operations.go:119.20,120.19 1 0
github.com/nais/grafana-otel-plugin/pkg/plugin/operations.go:120.19,122.12 2 0
github.com/nais/grafana-otel-plugin/pkg/plugin/operations.go:124.3,124.32 1 0
github.com/nais/grafana-otel-plugin/pkg/plugin/operations.go:127.2,133.70 3 0
github.com/nais/grafana-otel-plugin/pkg/plugin/operations.go:133.70,138.29 2 0
github.com/nais/grafana-otel-plugin/pkg/plugin/operations.go:138.29,140.4 1 0
github.com/nais/grafana-otel-plugin/pkg/plugin/operations.go:141.3,147.11 3 0
github.com/nais/grafana-otel-plugin/pkg/plugin/operations.go:150.2,150.38 1 0
github.com/nais/grafana-otel-plugin/pkg/plugin/operations.go:150.38,153.3 2 0
github.com/nais/grafana-otel-plugin/pkg/plugin/operations.go:155.2,155.39 1 0
github.com/nais/grafana-otel-plugin/pkg/plugin/operations.go:155.39,157.17 2 0
github.com/nais/grafana-otel-plugin/pkg/plugin/operations.go:157.17,159.4 1 0
github.com/nais/grafana-otel-plugin/pkg/plugin/operations.go:162.2,162.37 1 0
github.com/nais/grafana-otel-plugin/pkg/plugin/operations.go:162.37,165.42 3 0
github.com/nais/grafana-otel-plugin/pkg/plugin/operations.go:165.42,167.4 1 0
github.com/nais/grafana-otel-plugin/pkg/plugin/operations.go:169.2,169.37 1 0
github.com/nais/grafana-otel-plugin/pkg/plugin/operations.go:169.37,172.42 3 0
github.com/nais/grafana-otel-plugin/pkg/plugin/operations.go:172.42,174.4 1 0
github.com/nais/grafana-otel-plugin/pkg/plugin/operations.go:176.2,176.37 1 0
github.com/nais/grafana-otel-plugin/pkg/plugin/operations.go:176.37,179.42 3 0
github.com/nais/grafana-otel-plugin/pkg/plugin/operations.go:179.42,181.4 1 0
github.com/nais/grafana-otel-plugin/pkg/plugin/operations.go:184.2,185.27 2 0
github.com/nais/grafana-otel-plugin/pkg/plugin/operations.go:185.27,187.3 1 0
github.com/nais/grafana-otel-plugin/pkg/plugin/operations.go:188.2,188.12 1 0
github.com/nais/grafana-otel-plugin/pkg/plugin/operations.go:191.41,192.14 1 1
github.com/nais/grafana-otel-plugin/pkg/plugin/operations.go:193.26,194.18 1 1
github.com/nais/grafana-otel-plugin/pkg/plugin/operations.go:195.26,196.18 1 1
github.com/nais/grafana-otel-plugin/pkg/plugin/operations.go:197.28,198.20 1 1
github.com/nais/grafana-otel-plugin/pkg/plugin/operations.go:199.28,200.20 1 1
github.com/nais/grafana-otel-plugin/pkg/plugin/operations.go:201.28,202.20 1 1
github.com/nais/grafana-otel-plugin/pkg/plugin/operations.go:203.10,204.14 1 1
github.com/nais/grafana-otel-plugin/pkg/plugin/resources.go:7.68,10.2 2 1
github.com/nais/grafana-otel-plugin/pkg/plugin/servicemap.go:41.74,45.33 3 1
github.com/nais/grafana-otel-plugin/pkg/plugin/servicemap.go:45.33,48.3 2 1
github.com/nais/grafana-otel-plugin/pkg/plugin/servicemap.go:50.2,59.21 7 0
github.com/nais/grafana-otel-plugin/pkg/plugin/servicemap.go:66.22,105.4 10 0
github.com/nais/grafana-otel-plugin/pkg/plugin/servicemap.go:105.4,107.28 2 0
github.com/nais/grafana-otel-plugin/pkg/plugin/servicemap.go:107.28,111.4 3 0
github.com/nais/grafana-otel-plugin/pkg/plugin/servicemap.go:114.2,114.12 1 0
github.com/nais/grafana-otel-plugin/pkg/plugin/servicemap.go:114.12,117.3 2 0
github.com/nais/grafana-otel-plugin/pkg/plugin/servicemap.go:119.2,120.20 2 0
github.com/nais/grafana-otel-plugin/pkg/plugin/servicemap.go:120.20,121.19 1 0
github.com/nais/grafana-otel-plugin/pkg/plugin/servicemap.go:121.19,123.12 2 0
github.com/nais/grafana-otel-plugin/pkg/plugin/servicemap.go:125.3,125.32 1 0
github.com/nais/grafana-otel-plugin/pkg/plugin/servicemap.go:129.2,143.51 5 0
github.com/nais/grafana-otel-plugin/pkg/plugin/servicemap.go:143.51,145.28 2 0
github.com/nais/grafana-otel-plugin/pkg/plugin/servicemap.go:145.28,147.4 1 0
github.com/nais/grafana-otel-plugin/pkg/plugin/servicemap.go:148.3,152.11 5 0
github.com/nais/grafana-otel-plugin/pkg/plugin/servicemap.go:155.2,155.38 1 0
github.com/nais/grafana-otel-plugin/pkg/plugin/servicemap.go:155.38,158.35 3 0
github.com/nais/grafana-otel-plugin/pkg/plugin/servicemap.go:158.35,159.12 1 0
github.com/nais/grafana-otel-plugin/pkg/plugin/servicemap.go:161.3,163.43 3 0
github.com/nais/grafana-otel-plugin/pkg/plugin/servicemap.go:166.2,166.39 1 0
github.com/nais/grafana-otel-plugin/pkg/plugin/servicemap.go:166.39,169.35 3 0
github.com/nais/grafana-otel-plugin/pkg/plugin/servicemap.go:169.35,170.12 1 0
github.com/nais/grafana-otel-plugin/pkg/plugin/servicemap.go:172.3,173.32 2 0
github.com/nais/grafana-otel-plugin/pkg/plugin/servicemap.go:176.2,176.37 1 0
github.com/nais/grafana-otel-plugin/pkg/plugin/servicemap.go:176.37,179.35 3 0
github.com/nais/grafana-otel-plugin/pkg/plugin/servicemap.go:179.35,180.12 1 0
github.com/nais/grafana-otel-plugin/pkg/plugin/servicemap.go:182.3,184.42 3 0
github.com/nais/grafana-otel-plugin/pkg/plugin/servicemap.go:184.42,186.4 1 0
github.com/nais/grafana-otel-plugin/pkg/plugin/servicemap.go:190.2,190.25 1 0
github.com/nais/grafana-otel-plugin/pkg/plugin/servicemap.go:190.25,193.27 3 0
github.com/nais/grafana-otel-plugin/pkg/plugin/servicemap.go:193.27,194.62 1 0
github.com/nais/grafana-otel-plugin/pkg/plugin/servicemap.go:194.62,198.5 3 0
github.com/nais/grafana-otel-plugin/pkg/plugin/servicemap.go:200.3,201.26 2 0
github.com/nais/grafana-otel-plugin/pkg/plugin/servicemap.go:205.2,210.26 3 0
github.com/nais/grafana-otel-plugin/pkg/plugin/servicemap.go:210.26,211.50 1 0
github.com/nais/grafana-otel-plugin/pkg/plugin/servicemap.go:211.50,213.11 2 0
github.com/nais/grafana-otel-plugin/pkg/plugin/servicemap.go:213.11,216.5 2 0
github.com/nais/grafana-otel-plugin/pkg/plugin/servicemap.go:217.4,218.32 2 0
github.com/nais/grafana-otel-plugin/pkg/plugin/servicemap.go:223.2,224.28 2 0
github.com/nais/grafana-otel-plugin/pkg/plugin/servicemap.go:224.28,227.38 3 0
github.com/nais/grafana-otel-plugin/pkg/plugin/servicemap.go:227.38,229.4 1 0
github.com/nais/grafana-otel-plugin/pkg/plugin/servicemap.go:230.3,237.5 1 0
github.com/nais/grafana-otel-plugin/pkg/plugin/servicemap.go:240.2,241.26 2 0
github.com/nais/grafana-otel-plugin/pkg/plugin/servicemap.go:241.26,244.16 3 0
github.com/nais/grafana-otel-plugin/pkg/plugin/servicemap.go:244.16,246.4 1 0
github.com/nais/grafana-otel-plugin/pkg/plugin/servicemap.go:247.3,253.5 1 0
github.com/nais/grafana-otel-plugin/pkg/plugin/servicemap.go:256.2,256.18 1 0
github.com/nais/grafana-otel-plugin/pkg/plugin/servicemap.go:256.18,258.3 1 0
github.com/nais/grafana-otel-plugin/pkg/plugin/servicemap.go:259.2,259.21 1 0
github.com/nais/grafana-otel-plugin/pkg/plugin/servicemap.go:259.21,261.3 1 0
github.com/nais/grafana-otel-plugin/pkg/plugin/servicemap.go:263.2,263.58 1 0
github.com/nais/grafana-otel-plugin/pkg/plugin/servicemap.go:266.43,267.18 1 1
github.com/nais/grafana-otel-plugin/pkg/plugin/servicemap.go:267.18,269.3 1 1
github.com/nais/grafana-otel-plugin/pkg/plugin/servicemap.go:270.2,270.27 1 1
github.com/nais/grafana-otel-plugin/pkg/plugin/services.go:16.72,17.34 1 1
github.com/nais/grafana-otel-plugin/pkg/plugin/services.go:17.34,20.3 2 0
github.com/nais/grafana-otel-plugin/pkg/plugin/services.go:22.2,22.25 1 1
github.com/nais/grafana-otel-plugin/pkg/plugin/services.go:22.25,25.3 2 0
github.com/nais/grafana-otel-plugin/pkg/plugin/services.go:27.2,41.32 10 1
github.com/nais/grafana-otel-plugin/pkg/plugin/services.go:41.32,44.3 2 1
github.com/nais/grafana-otel-plugin/pkg/plugin/services.go:46.2,47.24 2 0
github.com/nais/grafana-otel-plugin/pkg/plugin/services.go:57.28,65.26 6 0
github.com/nais/grafana-otel-plugin/pkg/plugin/services.go:65.26,67.3 1 0
github.com/nais/grafana-otel-plugin/pkg/plugin/services.go:67.8,67.32 1 0
github.com/nais/grafana-otel-plugin/pkg/plugin/services.go:67.32,69.3 1 0
github.com/nais/grafana-otel-plugin/pkg/plugin/services.go:71.2,75.27 3 0
github.com/nais/grafana-otel-plugin/pkg/plugin/services.go:75.27,77.3 1 0
github.com/nais/grafana-otel-plugin/pkg/plugin/services.go:78.2,78.29 1 0
github.com/nais/grafana-otel-plugin/pkg/plugin/services.go:78.29,80.3 1 0
github.com/nais/grafana-otel-plugin/pkg/plugin/services.go:83.2,118.38 9 0
github.com/nais/grafana-otel-plugin/pkg/plugin/services.go:118.38,120.28 2 0
github.com/nais/grafana-otel-plugin/pkg/plugin/services.go:120.28,124.4 3 0
github.com/nais/grafana-otel-plugin/pkg/plugin/services.go:128.2,128.16 1 0
github.com/nais/grafana-otel-plugin/pkg/plugin/services.go:128.16,135.5 1 0
github.com/nais/grafana-otel-plugin/pkg/plugin/services.go:135.5,137.29 2 0
github.com/nais/grafana-otel-plugin/pkg/plugin/services.go:137.29,141.5 3 0
github.com/nais/grafana-otel-plugin/pkg/plugin/services.go:145.2,145.12 1 0
github.com/nais/grafana-otel-plugin/pkg/plugin/services.go:145.12,148.3 2 0
github.com/nais/grafana-otel-plugin/pkg/plugin/services.go:151.2,152.21 2 0
github.com/nais/grafana-otel-plugin/pkg/plugin/services.go:152.21,153.20 1 0
github.com/nais/grafana-otel-plugin/pkg/plugin/services.go:153.20,155.12 2 0
github.com/nais/grafana-otel-plugin/pkg/plugin/services.go:157.3,157.34 1 0
github.com/nais/grafana-otel-plugin/pkg/plugin/services.go:161.2,167.68 3 0
github.com/nais/grafana-otel-plugin/pkg/plugin/services.go:167.68,172.33 2 0
github.com/nais/grafana-otel-plugin/pkg/plugin/services.go:172.33,174.4 1 0
github.com/nais/grafana-otel-plugin/pkg/plugin/services.go:175.3,181.11 3 0
github.com/nais/grafana-otel-plugin/pkg/plugin/services.go:185.2,185.38 1 0
github.com/nais/grafana-otel-plugin/pkg/plugin/services.go:185.38,188.3 2 0
github.com/nais/grafana-otel-plugin/pkg/plugin/services.go:191.2,191.39 1 0
github.com/nais/grafana-otel-plugin/pkg/plugin/services.go:191.39,193.17 2 0
github.com/nais/grafana-otel-plugin/pkg/plugin/services.go:193.17,195.4 1 0
github.com/nais/grafana-otel-plugin/pkg/plugin/services.go:199.2,199.37 1 0
github.com/nais/grafana-otel-plugin/pkg/plugin/services.go:199.37,202.42 3 0
github.com/nais/grafana-otel-plugin/pkg/plugin/services.go:202.42,204.4 1 0
github.com/nais/grafana-otel-plugin/pkg/plugin/services.go:208.2,208.37 1 0
github.com/nais/grafana-otel-plugin/pkg/plugin/services.go:208.37,210.94 2 0
github.com/nais/grafana-otel-plugin/pkg/plugin/services.go:210.94,212.4 1 0
github.com/nais/grafana-otel-plugin/pkg/plugin/services.go:213.3,213.92 1 0
github.com/nais/grafana-otel-plugin/pkg/plugin/services.go:213.92,215.4 1 0
github.com/nais/grafana-otel-plugin/pkg/plugin/services.go:219.2,219.16 1 0
github.com/nais/grafana-otel-plugin/pkg/plugin/services.go:219.16,220.45 1 0
github.com/nais/grafana-otel-plugin/pkg/plugin/services.go:220.45,223.4 2 0
github.com/nais/grafana-otel-plugin/pkg/plugin/services.go:224.3,224.49 1 0
github.com/nais/grafana-otel-plugin/pkg/plugin/services.go:224.49,229.26 4 0
github.com/nais/grafana-otel-plugin/pkg/plugin/services.go:229.26,230.56 1 0
github.com/nais/grafana-otel-plugin/pkg/plugin/services.go:230.56,232.6 1 0
github.com/nais/grafana-otel-plugin/pkg/plugin/services.go:234.4,234.31 1 0
github.com/nais/grafana-otel-plugin/pkg/plugin/services.go:239.2,240.31 2 0
github.com/nais/grafana-otel-plugin/pkg/plugin/services.go:240.31,242.3 1 0
github.com/nais/grafana-otel-plugin/pkg/plugin/services.go:244.2,244.15 1 0
github.com/nais/grafana-otel-plugin/pkg/plugin/services.go:247.73,249.27 2 0
github.com/nais/grafana-otel-plugin/pkg/plugin/services.go:249.27,251.3 1 0
github.com/nais/grafana-otel-plugin/pkg/plugin/services.go:252.2,252.12 1 0
github.com/nais/grafana-otel-plugin/pkg/plugin/services.go:255.49,258.2 2 1
github.com/nais/grafana-otel-plugin/pkg/plugin/services.go:260.85,262.13 2 1
github.com/nais/grafana-otel-plugin/pkg/plugin/services.go:262.13,264.3 1 1
github.com/nais/grafana-otel-plugin/pkg/plugin/services.go:265.2,266.16 2 0
github.com/nais/grafana-otel-plugin/pkg/plugin/services.go:266.16,268.3 1 0
github.com/nais/grafana-otel-plugin/pkg/plugin/services.go:269.2,269.25 1 0
github.com/nais/grafana-otel-plugin/pkg/plugin/services.go:272.97,274.13 2 1
github.com/nais/grafana-otel-plugin/pkg/plugin/services.go:274.13,276.3 1 1
github.com/nais/grafana-otel-plugin/pkg/plugin/services.go:277.2,278.16 2 0
github.com/nais/grafana-otel-plugin/pkg/plugin/services.go:278.16,280.3 1 0
github.com/nais/grafana-otel-plugin/pkg/plugin/services.go:281.2,281.42 1 0
github.com/nais/grafana-otel-plugin/pkg/plugin/services.go:285.84,290.74 4 1
github.com/nais/grafana-otel-plugin/pkg/plugin/services.go:290.74,292.3 1 1
github.com/nais/grafana-otel-plugin/pkg/plugin/services.go:294.2,298.13 5 0
